# BruteME v0.1
  * Building (2020-09-02) - day 1
  - First time add arguments (09:10 WIB)
  - Building plugin zip (10:22 WIB)
  - Add plugin zip (20:50 WIB)

  Building (2020-09-03) - days 2
  - Building plugin rar (13:16 WIB)
  - Add plugin rar (15:03 WIB)
  - Building function read wordlist from file (19:22 WIB)

  Building (2020-09-05) - days 3
  - Add read wordlist from file (04:11 WIB)
  - Fix error plugin zip (16:55 WIB)

  Building (2020-09-20) - days 4
  - Building read user and password from file (11:14 WIB)
  - Add read user and password from file (14:22 WIB)
  - Fix error encoding (18:55 WIB)
  - Add check is required arguments (23:12 WIB)

  - First upload (2020-09-23 18:34 WIB)
  - Add README (2020-09-23 18:37 WIB)

# BruteME v0.1
   Building (2020-09-23) - days 5
   - Building plugin MYSQL (18:20 WIB)
   - Add plugin MYSQL (20:22 WIB)

   Building (2020-09-24) - days 6
   - Building plugin FTP (06:32 WIB)
   - Add plugin FTP (07:06 WIB)
   - Fix bug hostname (07:58 WIB)
